2019-05-06 14:58:17 INFO  Config:30 - Test will run against environment: null
2019-05-06 14:58:17 INFO  ObjectRepository:26 - Test will use repository: C:\Users\C44331\coding\seleniumframework\browser\object_repo\page_objects.properties
2019-05-06 14:58:17 INFO  ChromeDriverFactory:27 - Running in chromium
2019-05-06 14:58:19 INFO  ChromeDriverFactory:27 - Running in chromium
2019-05-06 14:59:06 INFO  Config:30 - Test will run against environment: null
2019-05-06 14:59:06 INFO  ObjectRepository:26 - Test will use repository: C:\Users\C44331\coding\seleniumframework\browser\object_repo\page_objects.properties
2019-05-06 14:59:06 INFO  ChromeDriverFactory:27 - Running in chromium
2019-05-06 14:59:07 INFO  WebDriverManager:568 - Found chromedriver in cache: C:\Users\C44331\coding\seleniumframework\webdriver\chromedriver\win32\2.44\chromedriver.exe 
2019-05-06 14:59:07 DEBUG WebDriverManager:438 - Driver for chromedriver 2.44 found in cache C:\Users\C44331\coding\seleniumframework\webdriver\chromedriver\win32\2.44\chromedriver.exe
2019-05-06 14:59:07 INFO  WebDriverManager:813 - Exporting webdriver.chrome.driver as C:\Users\C44331\coding\seleniumframework\webdriver\chromedriver\win32\2.44\chromedriver.exe
2019-05-06 14:59:11 INFO  WebDriverFactory:46 - Configured WebDriver for browser 'chrome'
2019-05-06 14:59:11 DEBUG RequestAddCookies:123 - CookieSpec selected: default
2019-05-06 14:59:11 DEBUG RequestAuthCache:77 - Auth cache not set in the context
2019-05-06 14:59:11 DEBUG PoolingHttpClientConnectionManager:255 - Connection request: [route: {}->http://isssiast-ao.nl.eu.abnamro.com:80][total kept alive: 0; route allocated: 0 of 2; total allocated: 0 of 20]
2019-05-06 14:59:11 DEBUG PoolingHttpClientConnectionManager:288 - Connection leased: [id: 0][route: {}->http://isssiast-ao.nl.eu.abnamro.com:80][total kept alive: 0; route allocated: 1 of 2; total allocated: 1 of 20]
2019-05-06 14:59:11 DEBUG MainClientExec:235 - Opening connection {}->http://isssiast-ao.nl.eu.abnamro.com:80
2019-05-06 14:59:11 DEBUG DefaultHttpClientConnectionOperator:139 - Connecting to isssiast-ao.nl.eu.abnamro.com/10.20.193.23:80
2019-05-06 14:59:11 DEBUG DefaultHttpClientConnectionOperator:146 - Connection established 10.29.132.21:56152<->10.20.193.23:80
2019-05-06 14:59:11 DEBUG MainClientExec:256 - Executing request POST /toegang/p1.asp HTTP/1.1
2019-05-06 14:59:11 DEBUG MainClientExec:261 - Target auth state: UNCHALLENGED
2019-05-06 14:59:11 DEBUG MainClientExec:267 - Proxy auth state: UNCHALLENGED
2019-05-06 14:59:11 DEBUG headers:133 - http-outgoing-0 >> POST /toegang/p1.asp HTTP/1.1
2019-05-06 14:59:11 DEBUG headers:136 - http-outgoing-0 >> Content-Length: 0
2019-05-06 14:59:11 DEBUG headers:136 - http-outgoing-0 >> Host: isssiast-ao.nl.eu.abnamro.com
2019-05-06 14:59:11 DEBUG headers:136 - http-outgoing-0 >> Connection: Keep-Alive
2019-05-06 14:59:11 DEBUG headers:136 - http-outgoing-0 >> User-Agent: Apache-HttpClient/4.5.3 (Java/1.8.0_191)
2019-05-06 14:59:11 DEBUG headers:136 - http-outgoing-0 >> Accept-Encoding: gzip,deflate
2019-05-06 14:59:11 DEBUG wire:73 - http-outgoing-0 >> "POST /toegang/p1.asp HTTP/1.1[\r][\n]"
2019-05-06 14:59:11 DEBUG wire:73 - http-outgoing-0 >> "Content-Length: 0[\r][\n]"
2019-05-06 14:59:11 DEBUG wire:73 - http-outgoing-0 >> "Host: isssiast-ao.nl.eu.abnamro.com[\r][\n]"
2019-05-06 14:59:11 DEBUG wire:73 - http-outgoing-0 >> "Connection: Keep-Alive[\r][\n]"
2019-05-06 14:59:11 DEBUG wire:73 - http-outgoing-0 >> "User-Agent: Apache-HttpClient/4.5.3 (Java/1.8.0_191)[\r][\n]"
2019-05-06 14:59:11 DEBUG wire:73 - http-outgoing-0 >> "Accept-Encoding: gzip,deflate[\r][\n]"
2019-05-06 14:59:11 DEBUG wire:73 - http-outgoing-0 >> "[\r][\n]"
2019-05-06 14:59:11 DEBUG wire:73 - http-outgoing-0 << "HTTP/1.1 302 Object moved[\r][\n]"
2019-05-06 14:59:11 DEBUG wire:73 - http-outgoing-0 << "Cache-Control: private[\r][\n]"
2019-05-06 14:59:11 DEBUG wire:73 - http-outgoing-0 << "Content-Type: text/html[\r][\n]"
2019-05-06 14:59:11 DEBUG wire:73 - http-outgoing-0 << "Location: http://vm00006296.nl.eu.abnamro.com/schemes/ATT_2_2/msecis.html?startpage=[\r][\n]"
2019-05-06 14:59:11 DEBUG wire:73 - http-outgoing-0 << "Server: Microsoft-IIS/8.5[\r][\n]"
2019-05-06 14:59:11 DEBUG wire:73 - http-outgoing-0 << "Set-Cookie: lbsid=LBS002; path=/[\r][\n]"
2019-05-06 14:59:11 DEBUG wire:73 - http-outgoing-0 << "Set-Cookie: ASPSESSIONIDAQCSQDQD=GCNPEPODIBJNCOJJELLGBFOH; path=/[\r][\n]"
2019-05-06 14:59:11 DEBUG wire:73 - http-outgoing-0 << "Date: Mon, 06 May 2019 12:59:11 GMT[\r][\n]"
2019-05-06 14:59:11 DEBUG wire:73 - http-outgoing-0 << "Content-Length: 195[\r][\n]"
2019-05-06 14:59:11 DEBUG wire:73 - http-outgoing-0 << "Set-Cookie: BIGipServerp023-isssiast-ao-80=rd2o00000000000000000000ffff0af04fd7o80; path=/; Httponly[\r][\n]"
2019-05-06 14:59:11 DEBUG wire:73 - http-outgoing-0 << "[\r][\n]"
2019-05-06 14:59:11 DEBUG wire:73 - http-outgoing-0 << "<head><title>Object moved</title></head>[\n]"
2019-05-06 14:59:11 DEBUG wire:73 - http-outgoing-0 << "<body><h1>Object Moved</h1>This object may be found <a HREF="http://vm00006296.nl.eu.abnamro.com/schemes/ATT_2_2/msecis.html?startpage=">here</a>.</body>[\n]"
2019-05-06 14:59:11 DEBUG headers:122 - http-outgoing-0 << HTTP/1.1 302 Object moved
2019-05-06 14:59:11 DEBUG headers:125 - http-outgoing-0 << Cache-Control: private
2019-05-06 14:59:11 DEBUG headers:125 - http-outgoing-0 << Content-Type: text/html
2019-05-06 14:59:11 DEBUG headers:125 - http-outgoing-0 << Location: http://vm00006296.nl.eu.abnamro.com/schemes/ATT_2_2/msecis.html?startpage=
2019-05-06 14:59:11 DEBUG headers:125 - http-outgoing-0 << Server: Microsoft-IIS/8.5
2019-05-06 14:59:11 DEBUG headers:125 - http-outgoing-0 << Set-Cookie: lbsid=LBS002; path=/
2019-05-06 14:59:11 DEBUG headers:125 - http-outgoing-0 << Set-Cookie: ASPSESSIONIDAQCSQDQD=GCNPEPODIBJNCOJJELLGBFOH; path=/
2019-05-06 14:59:11 DEBUG headers:125 - http-outgoing-0 << Date: Mon, 06 May 2019 12:59:11 GMT
2019-05-06 14:59:11 DEBUG headers:125 - http-outgoing-0 << Content-Length: 195
2019-05-06 14:59:11 DEBUG headers:125 - http-outgoing-0 << Set-Cookie: BIGipServerp023-isssiast-ao-80=rd2o00000000000000000000ffff0af04fd7o80; path=/; Httponly
2019-05-06 14:59:11 DEBUG MainClientExec:285 - Connection can be kept alive indefinitely
2019-05-06 14:59:11 DEBUG ResponseProcessCookies:119 - Cookie accepted [lbsid="LBS002", version:0, domain:isssiast-ao.nl.eu.abnamro.com, path:/, expiry:null]
2019-05-06 14:59:11 DEBUG ResponseProcessCookies:119 - Cookie accepted [ASPSESSIONIDAQCSQDQD="GCNPEPODIBJNCOJJELLGBFOH", version:0, domain:isssiast-ao.nl.eu.abnamro.com, path:/, expiry:null]
2019-05-06 14:59:11 DEBUG ResponseProcessCookies:119 - Cookie accepted [BIGipServerp023-isssiast-ao-80="rd2o00000000000000000000ffff0af04fd7o80", version:0, domain:isssiast-ao.nl.eu.abnamro.com, path:/, expiry:null]
2019-05-06 14:59:11 DEBUG PoolingHttpClientConnectionManager:394 - Connection manager is shutting down
2019-05-06 14:59:11 DEBUG DefaultManagedHttpClientConnection:79 - http-outgoing-0: Close connection
2019-05-06 14:59:11 DEBUG PoolingHttpClientConnectionManager:400 - Connection manager shut down
2019-05-06 14:59:11 DEBUG RequestAddCookies:123 - CookieSpec selected: default
2019-05-06 14:59:11 DEBUG RequestAuthCache:77 - Auth cache not set in the context
2019-05-06 14:59:11 DEBUG PoolingHttpClientConnectionManager:255 - Connection request: [route: {}->http://vm00006296.nl.eu.abnamro.com:80][total kept alive: 0; route allocated: 0 of 2; total allocated: 0 of 20]
2019-05-06 14:59:11 DEBUG PoolingHttpClientConnectionManager:288 - Connection leased: [id: 1][route: {}->http://vm00006296.nl.eu.abnamro.com:80][total kept alive: 0; route allocated: 1 of 2; total allocated: 1 of 20]
2019-05-06 14:59:11 DEBUG MainClientExec:235 - Opening connection {}->http://vm00006296.nl.eu.abnamro.com:80
2019-05-06 14:59:12 DEBUG DefaultHttpClientConnectionOperator:139 - Connecting to vm00006296.nl.eu.abnamro.com/10.240.79.215:80
2019-05-06 14:59:12 DEBUG DefaultHttpClientConnectionOperator:146 - Connection established 10.29.132.21:56154<->10.240.79.215:80
2019-05-06 14:59:12 DEBUG MainClientExec:256 - Executing request GET /schemes/ATT_2_2/msecis.html?startpage= HTTP/1.1
2019-05-06 14:59:12 DEBUG MainClientExec:261 - Target auth state: UNCHALLENGED
2019-05-06 14:59:12 DEBUG MainClientExec:267 - Proxy auth state: UNCHALLENGED
2019-05-06 14:59:12 DEBUG headers:133 - http-outgoing-1 >> GET /schemes/ATT_2_2/msecis.html?startpage= HTTP/1.1
2019-05-06 14:59:12 DEBUG headers:136 - http-outgoing-1 >> Host: vm00006296.nl.eu.abnamro.com
2019-05-06 14:59:12 DEBUG headers:136 - http-outgoing-1 >> Connection: Keep-Alive
2019-05-06 14:59:12 DEBUG headers:136 - http-outgoing-1 >> User-Agent: Apache-HttpClient/4.5.3 (Java/1.8.0_191)
2019-05-06 14:59:12 DEBUG headers:136 - http-outgoing-1 >> Accept-Encoding: gzip,deflate
2019-05-06 14:59:12 DEBUG wire:73 - http-outgoing-1 >> "GET /schemes/ATT_2_2/msecis.html?startpage= HTTP/1.1[\r][\n]"
2019-05-06 14:59:12 DEBUG wire:73 - http-outgoing-1 >> "Host: vm00006296.nl.eu.abnamro.com[\r][\n]"
2019-05-06 14:59:12 DEBUG wire:73 - http-outgoing-1 >> "Connection: Keep-Alive[\r][\n]"
2019-05-06 14:59:12 DEBUG wire:73 - http-outgoing-1 >> "User-Agent: Apache-HttpClient/4.5.3 (Java/1.8.0_191)[\r][\n]"
2019-05-06 14:59:12 DEBUG wire:73 - http-outgoing-1 >> "Accept-Encoding: gzip,deflate[\r][\n]"
2019-05-06 14:59:12 DEBUG wire:73 - http-outgoing-1 >> "[\r][\n]"
2019-05-06 14:59:12 DEBUG wire:73 - http-outgoing-1 << "HTTP/1.1 401 Unauthorized[\r][\n]"
2019-05-06 14:59:12 DEBUG wire:73 - http-outgoing-1 << "Content-Type: text/html[\r][\n]"
2019-05-06 14:59:12 DEBUG wire:73 - http-outgoing-1 << "Server: Microsoft-IIS/8.5[\r][\n]"
2019-05-06 14:59:12 DEBUG wire:73 - http-outgoing-1 << "WWW-Authenticate: NTLM[\r][\n]"
2019-05-06 14:59:12 DEBUG wire:73 - http-outgoing-1 << "WWW-Authenticate: Negotiate[\r][\n]"
2019-05-06 14:59:12 DEBUG wire:73 - http-outgoing-1 << "Date: Mon, 06 May 2019 12:59:11 GMT[\r][\n]"
2019-05-06 14:59:12 DEBUG wire:73 - http-outgoing-1 << "Content-Length: 2772[\r][\n]"
2019-05-06 14:59:12 DEBUG wire:73 - http-outgoing-1 << "[\r][\n]"
2019-05-06 14:59:12 DEBUG wire:73 - http-outgoing-1 << "<html>[\r][\n]"
2019-05-06 14:59:12 DEBUG wire:73 - http-outgoing-1 << "[\r][\n]"
2019-05-06 14:59:12 DEBUG wire:73 - http-outgoing-1 << "<script language="JavaScript"> [\r][\n]"
2019-05-06 14:59:12 DEBUG wire:73 - http-outgoing-1 << "<!--[\r][\n]"
2019-05-06 14:59:12 DEBUG wire:73 - http-outgoing-1 << "[\r][\n]"
2019-05-06 14:59:12 DEBUG wire:73 - http-outgoing-1 << "function readCookie(name) {[\r][\n]"
2019-05-06 14:59:12 DEBUG wire:73 - http-outgoing-1 << "[0x9]var nameEQ = name + "=";[\r][\n]"
2019-05-06 14:59:12 DEBUG wire:73 - http-outgoing-1 << "[0x9]var ca = document.cookie.split(';');[\r][\n]"
2019-05-06 14:59:12 DEBUG wire:73 - http-outgoing-1 << "[0x9]for(var i=0;i < ca.length;i++) {[\r][\n]"
2019-05-06 14:59:12 DEBUG wire:73 - http-outgoing-1 << "[0x9][0x9]var c = ca[i];[\r][\n]"
2019-05-06 14:59:12 DEBUG wire:73 - http-outgoing-1 << "[0x9][0x9]while (c.charAt(0)==' ') c = c.substring(1,c.length);[\r][\n]"
2019-05-06 14:59:12 DEBUG wire:73 - http-outgoing-1 << "[0x9][0x9]if (c.indexOf(nameEQ) == 0) return c.substring(nameEQ.length,c.length);[\r][\n]"
2019-05-06 14:59:12 DEBUG wire:73 - http-outgoing-1 << "[0x9]}[\r][\n]"
2019-05-06 14:59:12 DEBUG wire:73 - http-outgoing-1 << "[0x9]return null;[\r][\n]"
2019-05-06 14:59:12 DEBUG wire:73 - http-outgoing-1 << "}[\r][\n]"
2019-05-06 14:59:12 DEBUG wire:73 - http-outgoing-1 << "[\r][\n]"
2019-05-06 14:59:12 DEBUG wire:73 - http-outgoing-1 << "function getRedirectURL()[\r][\n]"
2019-05-06 14:59:12 DEBUG wire:73 - http-outgoing-1 << "{[\r][\n]"
2019-05-06 14:59:12 DEBUG wire:73 - http-outgoing-1 << "[0x9]DocURL=document.URL;[\r][\n]"
2019-05-06 14:59:12 DEBUG wire:73 - http-outgoing-1 << "[0x9][\r][\n]"
2019-05-06 14:59:12 DEBUG wire:73 - http-outgoing-1 << "[0x9]//get language parameter if available[\r][\n]"
2019-05-06 14:59:12 DEBUG wire:73 - http-outgoing-1 << "    decodedDocURL=decodeURIComponent(DocURL);[\r][\n]"
2019-05-06 14:59:12 DEBUG wire:73 - http-outgoing-1 << "    startIndexLang=decodedDocURL.indexOf("lang=",4);[\r][\n]"
2019-05-06 14:59:12 DEBUG wire:73 - http-outgoing-1 << "[0x9]if (startIndexLang > 0)[\r][\n]"
2019-05-06 14:59:12 DEBUG wire:73 - http-outgoing-1 << "[0x9]{[0x9][\r][\n]"
2019-05-06 14:59:12 DEBUG wire:73 - http-outgoing-1 << "[0x9][0x9]lang=decodedDocURL.substr(startIndexLang,7)+"&";[\r][\n]"
2019-05-06 14:59:12 DEBUG wire:73 - http-outgoing-1 << "[0x9]}[\r][\n]"
2019-05-06 14:59:12 DEBUG wire:73 - http-outgoing-1 << "[0x9]else [\r][\n]"
2019-05-06 14:59:12 DEBUG wire:73 - http-outgoing-1 << "[0x9]{[\r][\n]"
2019-05-06 14:59:12 DEBUG wire:73 - http-outgoing-1 << "[0x9][0x9]lang="";[\r][\n]"
2019-05-06 14:59:12 DEBUG wire:73 - http-outgoing-1 << "[0x9]}[\r][\n]"
2019-05-06 14:59:12 DEBUG wire:73 - http-outgoing-1 << "[\r][\n]"
2019-05-06 14:59:12 DEBUG wire:73 - http-outgoing-1 << "[\r][\n]"
2019-05-06 14:59:12 DEBUG wire:73 - http-outgoing-1 << "[0x9]// check whether we already had a ATT_2_45 attempt[\r][\n]"
2019-05-06 14:59:12 DEBUG wire:73 - http-outgoing-1 << "[0x9]retryIndex=DocURL.indexOf("retryLogon", 4);[\r][\n]"
2019-05-06 14:59:12 DEBUG wire:73 - http-outgoing-1 << "[\r][\n]"
2019-05-06 14:59:12 DEBUG wire:73 - http-outgoing-1 << "[0x9]if (retryIndex > 0)[\r][\n]"
2019-05-06 14:59:12 DEBUG wire:73 - http-outgoing-1 << "[0x9]{[\r][\n]"
2019-05-06 14:59:12 DEBUG wire:73 - http-outgoing-1 << "[0x9][0x9]window.location="/toegang/error.asp?"+lang+"IISERR=IIS1";[\r][\n]"
2019-05-06 14:59:12 DEBUG wire:73 - http-outgoing-1 << "[0x9][0x9]return;[\r][\n]"
2019-05-06 14:59:12 DEBUG wire:73 - http-outgoing-1 << "[0x9]}[\r][\n]"
2019-05-06 14:59:12 DEBUG wire:73 - http-outgoing-1 << "[0x9][\r][\n]"
2019-05-06 14:59:12 DEBUG wire:73 - http-outgoing-1 << "[0x9]// get initial startpage called[\r][\n]"
2019-05-06 14:59:12 DEBUG wire:73 - http-outgoing-1 << "    startIndex=DocURL.indexOf("startpage",4);[\r][\n]"
2019-05-06 14:59:12 DEBUG wire:73 - http-outgoing-1 << "    startpage=DocURL.substring(startIndex, 9999);[\r][\n]"
2019-05-06 14:59:12 DEBUG wire:73 - http-outgoing-1 << "    startpage=decodeURIComponent(startpage);[\r][\n]"
2019-05-06 14:59:12 DEBUG wire:73 - http-outgoing-1 << "    startpage=startpage.replace(/\$/g, '');[\r][\n]"
2019-05-06 14:59:12 DEBUG wire:73 - http-outgoing-1 << "    startpage=startpage.substring(10, 9999);[\r][\n]"
2019-05-06 14:59:12 DEBUG wire:73 - http-outgoing-1 << "    startpage=encodeURIComponent(startpage);[\r][\n]"
2019-05-06 14:59:12 DEBUG wire:73 - http-outgoing-1 << "[0x9]  [\r][\n]"
2019-05-06 14:59:12 DEBUG wire:73 - http-outgoing-1 << "[\r][\n]"
2019-05-06 14:59:12 DEBUG wire:73 - http-outgoing-1 << "[0x9]// If MEA_TOKEN cookie is set then use this for logon[\r][\n]"
2019-05-06 14:59:12 DEBUG wire:73 - http-outgoing-1 << "    var c = readCookie('MEA_TOKEN');[\r][\n]"
2019-05-06 14:59:12 DEBUG wire:73 - http-outgoing-1 << "    if (c == null || c == "")[\r][\n]"
2019-05-06 14:59:12 DEBUG wire:73 - http-outgoing-1 << "    {[\r][\n]"
2019-05-06 14:59:12 DEBUG wire:73 - http-outgoing-1 << "[0x9][0x9]startpage="/toegang/nocookie?startpage=" + startpage;[\r][\n]"
2019-05-06 14:59:12 DEBUG wire:73 - http-outgoing-1 << "    }[\r][\n]"
2019-05-06 14:59:12 DEBUG wire:73 - http-outgoing-1 << "    else[\r][\n]"
2019-05-06 14:59:12 DEBUG wire:73 - http-outgoing-1 << "    {[\r][\n]"
2019-05-06 14:59:12 DEBUG wire:73 - http-outgoing-1 << "[0x9][0x9]startpage="/toegang/cookie?startpage=" + startpage;[\r][\n]"
2019-05-06 14:59:12 DEBUG wire:73 - http-outgoing-1 << "    }[\r][\n]"
2019-05-06 14:59:12 DEBUG wire:73 - http-outgoing-1 << "[\r][\n]"
2019-05-06 14:59:12 DEBUG wire:73 - http-outgoing-1 << "[0x9]// Prevent display of alternate login methods for PR domains; ATT_2_2 (Kerberos/SSO) should work for these users.[\r][\n]"
2019-05-06 14:59:12 DEBUG wire:73 - http-outgoing-1 << "[0x9]// An error-display is more appropriate for these and prevents an end-user to become locked-in in email authentication (MEA_TOKEN)[\r][\n]"
2019-05-06 14:59:12 DEBUG wire:73 - http-outgoing-1 << "[0x9]// This check only works for ActiveX enabled browsers -> IE[\r][\n]"
2019-05-06 14:59:12 DEBUG wire:73 - http-outgoing-1 << "[\r][\n]"
2019-05-06 14:59:12 DEBUG wire:73 - http-outgoing-1 << "    wshshell=null[\r][\n]"
2019-05-06 14:59:12 DEBUG wire:73 - http-outgoing-1 << "    try {[\r][\n]"
2019-05-06 14:59:12 DEBUG wire:73 - http-outgoing-1 << "[0x9]wshshell=new ActiveXObject("wscript.shell");[\r][\n]"
2019-05-06 14:59:12 DEBUG wire:73 - http-outgoing-1 << "    }[\r][\n]"
2019-05-06 14:59:12 DEBUG wire:73 - http-outgoing-1 << "    catch (err) {[\r][\n]"
2019-05-06 14:59:12 DEBUG wire:73 - http-outgoing-1 << "[0x9]txt="Unable to create ActiveX object"[\r][\n]"
2019-05-06 14:59:12 DEBUG wire:73 - http-outgoing-1 << "    }[\r][\n]"
2019-05-06 14:59:12 DEBUG wire:73 - http-outgoing-1 << "[\r][\n]"
2019-05-06 14:59:12 DEBUG wire:73 - http-outgoing-1 << "    if (wshshell != null) {[\r][\n]"
2019-05-06 14:59:12 DEBUG wire:73 - http-outgoing-1 << "[0x9]userdomain=wshshell.ExpandEnvironmentStrings("%userdnsdomain%");[\r][\n]"
2019-05-06 14:59:12 DEBUG wire:73 - http-outgoing-1 << "[0x9]domainIndexBranches=userdomain.indexOf("BRANCHES.NL.EU.ABNAMRO.COM", 0);[\r][\n]"
2019-05-06 14:59:12 DEBUG wire:73 - http-outgoing-1 << "[0x9]domainIndexLauncher=userdomain.indexOf("LAUNCHER.INT.ABNAMRO.COM", 0);[\r][\n]"
2019-05-06 14:59:12 DEBUG wire:73 - http-outgoing-1 << "[0x9][0x9][0x9][\r][\n]"
2019-05-06 14:59:12 DEBUG wire:73 - http-outgoing-1 << "[0x9]if (domainIndexBranches == 0 || domainIndexLauncher == 0 ) {[\r][\n]"
2019-05-06 14:59:12 DEBUG wire:73 - http-outgoing-1 << "[0x9][0x9][0x9]startpage = "/toegang/error.asp?"+lang+"IISERR=IIS1";[\r][\n]"
2019-05-06 14:59:12 DEBUG wire:73 - http-outgoing-1 << "    [0x9]}[\r][\n]"
2019-05-06 14:59:12 DEBUG wire:73 - http-outgoing-1 << "    }[\r][\n]"
2019-05-06 14:59:12 DEBUG wire:73 - http-outgoing-1 << "[\r][\n]"
2019-05-06 14:59:12 DEBUG wire:73 - http-outgoing-1 << "    window.location=startpage;[\r][\n]"
2019-05-06 14:59:12 DEBUG wire:73 - http-outgoing-1 << "}[\r][\n]"
2019-05-06 14:59:12 DEBUG wire:73 - http-outgoing-1 << "[\r][\n]"
2019-05-06 14:59:12 DEBUG wire:73 - http-outgoing-1 << "getRedirectURL();[\r][\n]"
2019-05-06 14:59:12 DEBUG wire:73 - http-outgoing-1 << "[\r][\n]"
2019-05-06 14:59:12 DEBUG wire:73 - http-outgoing-1 << "//-->[\r][\n]"
2019-05-06 14:59:12 DEBUG wire:73 - http-outgoing-1 << "</script>[\r][\n]"
2019-05-06 14:59:12 DEBUG wire:73 - http-outgoing-1 << "[\r][\n]"
2019-05-06 14:59:12 DEBUG wire:73 - http-outgoing-1 << "<head>[\r][\n]"
2019-05-06 14:59:12 DEBUG wire:73 - http-outgoing-1 << "<Title>[\r][\n]"
2019-05-06 14:59:12 DEBUG wire:73 - http-outgoing-1 << "Security Error Redirect[\r][\n]"
2019-05-06 14:59:12 DEBUG wire:73 - http-outgoing-1 << "</Title>[\r][\n]"
2019-05-06 14:59:12 DEBUG wire:73 - http-outgoing-1 << "<metax http-equiv="refresh" content="0; URL=/toegang/error.asp?"+lang+"IISERR=IIS1">[\r][\n]"
2019-05-06 14:59:12 DEBUG wire:73 - http-outgoing-1 << "<metax name="keywords" content = "automatic redirection">[\r][\n]"
2019-05-06 14:59:12 DEBUG wire:73 - http-outgoing-1 << "</head>[\r][\n]"
2019-05-06 14:59:12 DEBUG wire:73 - http-outgoing-1 << "<body>[\r][\n]"
2019-05-06 14:59:12 DEBUG wire:73 - http-outgoing-1 << "<a href="/toegang/error.asp?"+lang+"IISERR=IIS1">If your browser doesn't automatically go there within a few seconds click here!</a>[\r][\n]"
2019-05-06 14:59:12 DEBUG wire:73 - http-outgoing-1 << "</body>[\r][\n]"
2019-05-06 14:59:12 DEBUG wire:73 - http-outgoing-1 << "</html>[\r][\n]"
2019-05-06 14:59:12 DEBUG headers:122 - http-outgoing-1 << HTTP/1.1 401 Unauthorized
2019-05-06 14:59:12 DEBUG headers:125 - http-outgoing-1 << Content-Type: text/html
2019-05-06 14:59:12 DEBUG headers:125 - http-outgoing-1 << Server: Microsoft-IIS/8.5
2019-05-06 14:59:12 DEBUG headers:125 - http-outgoing-1 << WWW-Authenticate: NTLM
2019-05-06 14:59:12 DEBUG headers:125 - http-outgoing-1 << WWW-Authenticate: Negotiate
2019-05-06 14:59:12 DEBUG headers:125 - http-outgoing-1 << Date: Mon, 06 May 2019 12:59:11 GMT
2019-05-06 14:59:12 DEBUG headers:125 - http-outgoing-1 << Content-Length: 2772
2019-05-06 14:59:12 DEBUG MainClientExec:285 - Connection can be kept alive indefinitely
2019-05-06 14:59:12 DEBUG HttpAuthenticator:77 - Authentication required
2019-05-06 14:59:12 DEBUG HttpAuthenticator:107 - vm00006296.nl.eu.abnamro.com:80 requested authentication
2019-05-06 14:59:12 DEBUG TargetAuthenticationStrategy:175 - Authentication schemes in the order of preference: [Negotiate, Kerberos, NTLM, Digest, Basic]
2019-05-06 14:59:12 DEBUG SPNegoScheme:267 - Received challenge '' from the auth server
2019-05-06 14:59:12 DEBUG TargetAuthenticationStrategy:204 - Challenge for Kerberos authentication scheme not available
2019-05-06 14:59:12 DEBUG TargetAuthenticationStrategy:204 - Challenge for Digest authentication scheme not available
2019-05-06 14:59:12 DEBUG TargetAuthenticationStrategy:204 - Challenge for Basic authentication scheme not available
2019-05-06 14:59:12 DEBUG HttpAuthenticator:157 - Selected authentication options: [NEGOTIATE, NTLM]
2019-05-06 14:59:12 DEBUG MainClientExec:256 - Executing request GET /schemes/ATT_2_2/msecis.html?startpage= HTTP/1.1
2019-05-06 14:59:12 DEBUG MainClientExec:261 - Target auth state: CHALLENGED
2019-05-06 14:59:12 DEBUG HttpAuthenticator:198 - Generating response to an authentication challenge using Negotiate scheme
2019-05-06 14:59:16 DEBUG SPNegoScheme:221 - init vm00006296.solon.prd
2019-05-06 14:59:16 WARN  HttpAuthenticator:207 - NEGOTIATE authentication error: No valid credentials provided (Mechanism level: No valid credentials provided (Mechanism level: Failed to find any Kerberos tgt))
2019-05-06 14:59:16 DEBUG HttpAuthenticator:198 - Generating response to an authentication challenge using ntlm scheme
2019-05-06 14:59:16 DEBUG MainClientExec:267 - Proxy auth state: UNCHALLENGED
2019-05-06 14:59:16 DEBUG headers:133 - http-outgoing-1 >> GET /schemes/ATT_2_2/msecis.html?startpage= HTTP/1.1
2019-05-06 14:59:16 DEBUG headers:136 - http-outgoing-1 >> Host: vm00006296.nl.eu.abnamro.com
2019-05-06 14:59:16 DEBUG headers:136 - http-outgoing-1 >> Connection: Keep-Alive
2019-05-06 14:59:16 DEBUG headers:136 - http-outgoing-1 >> User-Agent: Apache-HttpClient/4.5.3 (Java/1.8.0_191)
2019-05-06 14:59:16 DEBUG headers:136 - http-outgoing-1 >> Accept-Encoding: gzip,deflate
2019-05-06 14:59:16 DEBUG headers:136 - http-outgoing-1 >> Authorization: NTLM TlRMTVNTUAABAAAAAYIIogAAAAAoAAAAAAAAACgAAAAFASgKAAAADw==
2019-05-06 14:59:16 DEBUG wire:73 - http-outgoing-1 >> "GET /schemes/ATT_2_2/msecis.html?startpage= HTTP/1.1[\r][\n]"
2019-05-06 14:59:16 DEBUG wire:73 - http-outgoing-1 >> "Host: vm00006296.nl.eu.abnamro.com[\r][\n]"
2019-05-06 14:59:16 DEBUG wire:73 - http-outgoing-1 >> "Connection: Keep-Alive[\r][\n]"
2019-05-06 14:59:16 DEBUG wire:73 - http-outgoing-1 >> "User-Agent: Apache-HttpClient/4.5.3 (Java/1.8.0_191)[\r][\n]"
2019-05-06 14:59:16 DEBUG wire:73 - http-outgoing-1 >> "Accept-Encoding: gzip,deflate[\r][\n]"
2019-05-06 14:59:16 DEBUG wire:73 - http-outgoing-1 >> "Authorization: NTLM TlRMTVNTUAABAAAAAYIIogAAAAAoAAAAAAAAACgAAAAFASgKAAAADw==[\r][\n]"
2019-05-06 14:59:16 DEBUG wire:73 - http-outgoing-1 >> "[\r][\n]"
2019-05-06 14:59:16 DEBUG wire:73 - http-outgoing-1 << "HTTP/1.1 401 Unauthorized[\r][\n]"
2019-05-06 14:59:16 DEBUG wire:73 - http-outgoing-1 << "Content-Type: text/html; charset=us-ascii[\r][\n]"
2019-05-06 14:59:16 DEBUG wire:73 - http-outgoing-1 << "Server: Microsoft-HTTPAPI/2.0[\r][\n]"
2019-05-06 14:59:16 DEBUG wire:73 - http-outgoing-1 << "WWW-Authenticate: NTLM TlRMTVNTUAACAAAACgAKADgAAAAFgomiSaxpwyNW7wEAAAAAAAAAAI4AjgBCAAAABgOAJQAAAA9TAE8ATABPAE4AAgAKAFMATwBMAE8ATgABABQAVgBNADAAMAAwADAANgAyADkANgAEABIAcwBvAGwAbwBuAC4AcAByAGQAAwAoAHYAbQAwADAAMAAwADYAMgA5ADYALgBzAG8AbABvAG4ALgBwAHIAZAAFABIAcwBvAGwAbwBuAC4AcAByAGQABwAIAFz3IYMLBNUBAAAAAA==[\r][\n]"
2019-05-06 14:59:16 DEBUG wire:73 - http-outgoing-1 << "Date: Mon, 06 May 2019 12:59:16 GMT[\r][\n]"
2019-05-06 14:59:16 DEBUG wire:73 - http-outgoing-1 << "Content-Length: 341[\r][\n]"
2019-05-06 14:59:16 DEBUG wire:73 - http-outgoing-1 << "[\r][\n]"
2019-05-06 14:59:16 DEBUG wire:73 - http-outgoing-1 << "<!DOCTYPE HTML PUBLIC "-//W3C//DTD HTML 4.01//EN""http://www.w3.org/TR/html4/strict.dtd">[\r][\n]"
2019-05-06 14:59:16 DEBUG wire:73 - http-outgoing-1 << "<HTML><HEAD><TITLE>Not Authorized</TITLE>[\r][\n]"
2019-05-06 14:59:16 DEBUG wire:73 - http-outgoing-1 << "<META HTTP-EQUIV="Content-Type" Content="text/html; charset=us-ascii"></HEAD>[\r][\n]"
2019-05-06 14:59:16 DEBUG wire:73 - http-outgoing-1 << "<BODY><h2>Not Authorized</h2>[\r][\n]"
2019-05-06 14:59:16 DEBUG wire:73 - http-outgoing-1 << "<hr><p>HTTP Error 401. The requested resource requires user authentication.</p>[\r][\n]"
2019-05-06 14:59:16 DEBUG wire:73 - http-outgoing-1 << "</BODY></HTML>[\r][\n]"
2019-05-06 14:59:16 DEBUG headers:122 - http-outgoing-1 << HTTP/1.1 401 Unauthorized
2019-05-06 14:59:16 DEBUG headers:125 - http-outgoing-1 << Content-Type: text/html; charset=us-ascii
2019-05-06 14:59:16 DEBUG headers:125 - http-outgoing-1 << Server: Microsoft-HTTPAPI/2.0
2019-05-06 14:59:16 DEBUG headers:125 - http-outgoing-1 << WWW-Authenticate: NTLM TlRMTVNTUAACAAAACgAKADgAAAAFgomiSaxpwyNW7wEAAAAAAAAAAI4AjgBCAAAABgOAJQAAAA9TAE8ATABPAE4AAgAKAFMATwBMAE8ATgABABQAVgBNADAAMAAwADAANgAyADkANgAEABIAcwBvAGwAbwBuAC4AcAByAGQAAwAoAHYAbQAwADAAMAAwADYAMgA5ADYALgBzAG8AbABvAG4ALgBwAHIAZAAFABIAcwBvAGwAbwBuAC4AcAByAGQABwAIAFz3IYMLBNUBAAAAAA==
2019-05-06 14:59:16 DEBUG headers:125 - http-outgoing-1 << Date: Mon, 06 May 2019 12:59:16 GMT
2019-05-06 14:59:16 DEBUG headers:125 - http-outgoing-1 << Content-Length: 341
2019-05-06 14:59:16 DEBUG MainClientExec:285 - Connection can be kept alive indefinitely
2019-05-06 14:59:16 DEBUG HttpAuthenticator:77 - Authentication required
2019-05-06 14:59:16 DEBUG HttpAuthenticator:107 - vm00006296.nl.eu.abnamro.com:80 requested authentication
2019-05-06 14:59:16 DEBUG HttpAuthenticator:136 - Authorization challenge processed
2019-05-06 14:59:16 DEBUG MainClientExec:256 - Executing request GET /schemes/ATT_2_2/msecis.html?startpage= HTTP/1.1
2019-05-06 14:59:16 DEBUG MainClientExec:261 - Target auth state: HANDSHAKE
2019-05-06 14:59:16 DEBUG MainClientExec:267 - Proxy auth state: UNCHALLENGED
2019-05-06 14:59:16 DEBUG headers:133 - http-outgoing-1 >> GET /schemes/ATT_2_2/msecis.html?startpage= HTTP/1.1
2019-05-06 14:59:16 DEBUG headers:136 - http-outgoing-1 >> Host: vm00006296.nl.eu.abnamro.com
2019-05-06 14:59:16 DEBUG headers:136 - http-outgoing-1 >> Connection: Keep-Alive
2019-05-06 14:59:16 DEBUG headers:136 - http-outgoing-1 >> User-Agent: Apache-HttpClient/4.5.3 (Java/1.8.0_191)
2019-05-06 14:59:16 DEBUG headers:136 - http-outgoing-1 >> Accept-Encoding: gzip,deflate
2019-05-06 14:59:16 DEBUG headers:136 - http-outgoing-1 >> Authorization: NTLM TlRMTVNTUAADAAAAGAAYAEgAAAC+AL4AYAAAABIAEgAeAQAADAAMADABAAAUABQAPAEAAAAAAABQAQAABYKIogUBKAoAAAAP+spmC8fRzGSsreTGNkt7prAnf2TbFDhRPN5erxkIKCM1vAkHiiRd4QEBAAAAAAAA0DsmgwsE1QGWeOEdVJvh+gAAAAACAAoAUwBPAEwATwBOAAEAFABWAE0AMAAwADAAMAA2ADIAOQA2AAQAEgBzAG8AbABvAG4ALgBwAHIAZAADACgAdgBtADAAMAAwADAANgAyADkANgAuAHMAbwBsAG8AbgAuAHAAcgBkAAUAEgBzAG8AbABvAG4ALgBwAHIAZAAHAAgAXPchgwsE1QEAAAAAAAAAAEwAQQBVAE4AQwBIAEUAUgBUAFMAMAAzADUAMwA3AFYATQAwADAAMAAwADYAMgA5ADYA
2019-05-06 14:59:16 DEBUG wire:73 - http-outgoing-1 >> "GET /schemes/ATT_2_2/msecis.html?startpage= HTTP/1.1[\r][\n]"
2019-05-06 14:59:16 DEBUG wire:73 - http-outgoing-1 >> "Host: vm00006296.nl.eu.abnamro.com[\r][\n]"
2019-05-06 14:59:16 DEBUG wire:73 - http-outgoing-1 >> "Connection: Keep-Alive[\r][\n]"
2019-05-06 14:59:16 DEBUG wire:73 - http-outgoing-1 >> "User-Agent: Apache-HttpClient/4.5.3 (Java/1.8.0_191)[\r][\n]"
2019-05-06 14:59:16 DEBUG wire:73 - http-outgoing-1 >> "Accept-Encoding: gzip,deflate[\r][\n]"
2019-05-06 14:59:16 DEBUG wire:73 - http-outgoing-1 >> "Authorization: NTLM TlRMTVNTUAADAAAAGAAYAEgAAAC+AL4AYAAAABIAEgAeAQAADAAMADABAAAUABQAPAEAAAAAAABQAQAABYKIogUBKAoAAAAP+spmC8fRzGSsreTGNkt7prAnf2TbFDhRPN5erxkIKCM1vAkHiiRd4QEBAAAAAAAA0DsmgwsE1QGWeOEdVJvh+gAAAAACAAoAUwBPAEwATwBOAAEAFABWAE0AMAAwADAAMAA2ADIAOQA2AAQAEgBzAG8AbABvAG4ALgBwAHIAZAADACgAdgBtADAAMAAwADAANgAyADkANgAuAHMAbwBsAG8AbgAuAHAAcgBkAAUAEgBzAG8AbABvAG4ALgBwAHIAZAAHAAgAXPchgwsE1QEAAAAAAAAAAEwAQQBVAE4AQwBIAEUAUgBUAFMAMAAzADUAMwA3AFYATQAwADAAMAAwADYAMgA5ADYA[\r][\n]"
2019-05-06 14:59:16 DEBUG wire:73 - http-outgoing-1 >> "[\r][\n]"
2019-05-06 14:59:17 DEBUG wire:73 - http-outgoing-1 << "HTTP/1.1 302 Object Moved[\r][\n]"
2019-05-06 14:59:17 DEBUG wire:73 - http-outgoing-1 << "Content-Type: text/html[\r][\n]"
2019-05-06 14:59:17 DEBUG wire:73 - http-outgoing-1 << "Expires: Tue, 14 Oct 1999 18:24:21 GMT[\r][\n]"
2019-05-06 14:59:17 DEBUG wire:73 - http-outgoing-1 << "Last-Modified: Fri, 08 Aug 2014 16:18:16 GMT[\r][\n]"
2019-05-06 14:59:17 DEBUG wire:73 - http-outgoing-1 << "Accept-Ranges: bytes[\r][\n]"
2019-05-06 14:59:17 DEBUG wire:73 - http-outgoing-1 << "ETag: "0d4f45b24b3cf1:0"[\r][\n]"
2019-05-06 14:59:17 DEBUG wire:73 - http-outgoing-1 << "Server: Microsoft-IIS/8.5[\r][\n]"
2019-05-06 14:59:17 DEBUG wire:73 - http-outgoing-1 << "Persistent-Auth: true[\r][\n]"
2019-05-06 14:59:17 DEBUG wire:73 - http-outgoing-1 << "Set-Cookie: SMSESSION=;path=/;Expires=Wed, 05 Dec 1983 07:28:00 GMT;max-age=0;domain=.abnamro.com[\r][\n]"
2019-05-06 14:59:17 DEBUG wire:73 - http-outgoing-1 << "Set-Cookie: SMSESSION=DrVQShIKqTxnfdMKnkV4jd5vxkplvbF44NYxG_tIgCSxKnoyyzJ_tO0fN-MuV13COqm74NK5vYUik1tX-sZrn9Y=;path=/;h;domain=.nl.eu.abnamro.com[\r][\n]"
2019-05-06 14:59:17 DEBUG wire:73 - http-outgoing-1 << "Set-Cookie: GSI=74b5c682b8afcfd1b6e42cdef08390e70c7247cea19bec1089d40ae1fb72059f8359ce669556e7b7a29cbb39f2b1aa29b27b93b8eb681fe8640bc75c77303e10;path=/;domain=.nl.eu.abnamro.com;httponly[\r][\n]"
2019-05-06 14:59:17 DEBUG wire:73 - http-outgoing-1 << "Set-Cookie: empty=;path=/;domain=.nl.eu.abnamro.com[\r][\n]"
2019-05-06 14:59:17 DEBUG wire:73 - http-outgoing-1 << "Date: Mon, 06 May 2019 12:59:16 GMT[\r][\n]"
2019-05-06 14:59:17 DEBUG wire:73 - http-outgoing-1 << "Content-Length: 0[\r][\n]"
2019-05-06 14:59:17 DEBUG wire:73 - http-outgoing-1 << "[\r][\n]"
2019-05-06 14:59:17 DEBUG headers:122 - http-outgoing-1 << HTTP/1.1 302 Object Moved
2019-05-06 14:59:17 DEBUG headers:125 - http-outgoing-1 << Content-Type: text/html
2019-05-06 14:59:17 DEBUG headers:125 - http-outgoing-1 << Expires: Tue, 14 Oct 1999 18:24:21 GMT
2019-05-06 14:59:17 DEBUG headers:125 - http-outgoing-1 << Last-Modified: Fri, 08 Aug 2014 16:18:16 GMT
2019-05-06 14:59:17 DEBUG headers:125 - http-outgoing-1 << Accept-Ranges: bytes
2019-05-06 14:59:17 DEBUG headers:125 - http-outgoing-1 << ETag: "0d4f45b24b3cf1:0"
2019-05-06 14:59:17 DEBUG headers:125 - http-outgoing-1 << Server: Microsoft-IIS/8.5
2019-05-06 14:59:17 DEBUG headers:125 - http-outgoing-1 << Persistent-Auth: true
2019-05-06 14:59:17 DEBUG headers:125 - http-outgoing-1 << Set-Cookie: SMSESSION=;path=/;Expires=Wed, 05 Dec 1983 07:28:00 GMT;max-age=0;domain=.abnamro.com
2019-05-06 14:59:17 DEBUG headers:125 - http-outgoing-1 << Set-Cookie: SMSESSION=DrVQShIKqTxnfdMKnkV4jd5vxkplvbF44NYxG_tIgCSxKnoyyzJ_tO0fN-MuV13COqm74NK5vYUik1tX-sZrn9Y=;path=/;h;domain=.nl.eu.abnamro.com
2019-05-06 14:59:17 DEBUG headers:125 - http-outgoing-1 << Set-Cookie: GSI=74b5c682b8afcfd1b6e42cdef08390e70c7247cea19bec1089d40ae1fb72059f8359ce669556e7b7a29cbb39f2b1aa29b27b93b8eb681fe8640bc75c77303e10;path=/;domain=.nl.eu.abnamro.com;httponly
2019-05-06 14:59:17 DEBUG headers:125 - http-outgoing-1 << Set-Cookie: empty=;path=/;domain=.nl.eu.abnamro.com
2019-05-06 14:59:17 DEBUG headers:125 - http-outgoing-1 << Date: Mon, 06 May 2019 12:59:16 GMT
2019-05-06 14:59:17 DEBUG headers:125 - http-outgoing-1 << Content-Length: 0
2019-05-06 14:59:17 DEBUG MainClientExec:285 - Connection can be kept alive indefinitely
2019-05-06 14:59:17 DEBUG HttpAuthenticator:86 - Authentication succeeded
2019-05-06 14:59:17 DEBUG PoolingHttpClientConnectionManager:320 - Connection [id: 1][route: {}->http://vm00006296.nl.eu.abnamro.com:80][state: LAUNCHERT\S03537] can be kept alive indefinitely
2019-05-06 14:59:17 DEBUG PoolingHttpClientConnectionManager:326 - Connection released: [id: 1][route: {}->http://vm00006296.nl.eu.abnamro.com:80][state: LAUNCHERT\S03537][total kept alive: 1; route allocated: 1 of 2; total allocated: 1 of 20]
2019-05-06 14:59:17 WARN  ResponseProcessCookies:130 - Invalid cookie header: "Set-Cookie: SMSESSION=;path=/;Expires=Wed, 05 Dec 1983 07:28:00 GMT;max-age=0;domain=.abnamro.com". Invalid 'expires' attribute: Wed, 05 Dec 1983 07:28:00 GMT
2019-05-06 14:59:17 DEBUG ResponseProcessCookies:119 - Cookie accepted [SMSESSION="DrVQShIKqTxnfdMKnkV4jd5vxkplvbF44NYxG_tIgCSxKnoyyzJ_tO0fN-MuV13COqm74NK5vYUik1tX-sZrn9Y=", version:0, domain:nl.eu.abnamro.com, path:/, expiry:null]
2019-05-06 14:59:17 DEBUG ResponseProcessCookies:119 - Cookie accepted [GSI="74b5c682b8afcfd1b6e42cdef08390e70c7247cea19bec1089d40ae1fb72059f8359ce669556e7b7a29cbb39f2b1aa29b27b...", version:0, domain:nl.eu.abnamro.com, path:/, expiry:null]
2019-05-06 14:59:17 DEBUG ResponseProcessCookies:119 - Cookie accepted [empty="", version:0, domain:nl.eu.abnamro.com, path:/, expiry:null]
2019-05-06 14:59:17 DEBUG PoolingHttpClientConnectionManager:394 - Connection manager is shutting down
2019-05-06 14:59:17 DEBUG DefaultManagedHttpClientConnection:79 - http-outgoing-1: Close connection
2019-05-06 14:59:17 DEBUG PoolingHttpClientConnectionManager:400 - Connection manager shut down
2019-05-24 13:45:23 INFO  Config:30 - Test will run against environment: null
2019-05-24 13:45:23 INFO  ObjectRepository:26 - Test will use repository: C:\Users\C44331\coding\seleniumframework\browser\object_repo\page_objects.properties
2019-05-24 13:45:23 INFO  ChromeDriverFactory:27 - Running in chromium
2019-05-24 13:45:24 INFO  WebDriverManager:568 - Found chromedriver in cache: C:\Users\C44331\coding\seleniumframework\webdriver\chromedriver\win32\2.44\chromedriver.exe 
2019-05-24 13:45:24 DEBUG WebDriverManager:438 - Driver for chromedriver 2.44 found in cache C:\Users\C44331\coding\seleniumframework\webdriver\chromedriver\win32\2.44\chromedriver.exe
2019-05-24 13:45:24 INFO  WebDriverManager:813 - Exporting webdriver.chrome.driver as C:\Users\C44331\coding\seleniumframework\webdriver\chromedriver\win32\2.44\chromedriver.exe
2019-05-24 13:45:29 INFO  WebDriverFactory:46 - Configured WebDriver for browser 'chrome'
2019-05-24 13:47:11 INFO  Config:30 - Test will run against environment: null
2019-05-24 13:47:11 INFO  ObjectRepository:26 - Test will use repository: C:\Users\C44331\coding\seleniumframework\browser\object_repo\page_objects.properties
2019-05-24 13:47:11 INFO  ChromeDriverFactory:27 - Running in chromium
2019-05-24 13:47:12 INFO  WebDriverManager:568 - Found chromedriver in cache: C:\Users\C44331\coding\seleniumframework\webdriver\chromedriver\win32\2.44\chromedriver.exe 
2019-05-24 13:47:12 DEBUG WebDriverManager:438 - Driver for chromedriver 2.44 found in cache C:\Users\C44331\coding\seleniumframework\webdriver\chromedriver\win32\2.44\chromedriver.exe
2019-05-24 13:47:12 INFO  WebDriverManager:813 - Exporting webdriver.chrome.driver as C:\Users\C44331\coding\seleniumframework\webdriver\chromedriver\win32\2.44\chromedriver.exe
2019-05-24 13:47:15 INFO  WebDriverFactory:46 - Configured WebDriver for browser 'chrome'
2019-05-29 14:51:36 INFO  Config:30 - Test will run against environment: null
2019-05-29 14:51:36 INFO  ObjectRepository:26 - Test will use repository: C:\Users\C44331\coding\seleniumframework\browser\object_repo\page_objects.properties
2019-05-29 14:51:36 INFO  ChromeDriverFactory:27 - Running in chromium
2019-05-29 14:51:38 INFO  WebDriverManager:568 - Found chromedriver in cache: C:\Users\C44331\coding\seleniumframework\webdriver\chromedriver\win32\2.44\chromedriver.exe 
2019-05-29 14:51:38 DEBUG WebDriverManager:438 - Driver for chromedriver 2.44 found in cache C:\Users\C44331\coding\seleniumframework\webdriver\chromedriver\win32\2.44\chromedriver.exe
2019-05-29 14:51:38 INFO  WebDriverManager:813 - Exporting webdriver.chrome.driver as C:\Users\C44331\coding\seleniumframework\webdriver\chromedriver\win32\2.44\chromedriver.exe
2019-05-29 14:51:42 INFO  WebDriverFactory:46 - Configured WebDriver for browser 'chrome'
2019-06-25 16:11:18 INFO  Config:30 - Test will run against environment: null
2019-06-25 16:11:18 INFO  ObjectRepository:26 - Test will use repository: C:\LogFiles\Bibin P Das\Naveen\BDD frameworks\seleniumframework\browser\object_repo\page_objects.properties
2019-06-25 16:11:18 INFO  ChromeDriverFactory:45 - Running in headless mode in chromium
2019-06-25 16:11:19 INFO  WebDriverManager:568 - Found chromedriver in cache: C:\LogFiles\Bibin P Das\Naveen\BDD frameworks\seleniumframework\webdriver\chromedriver\win32\2.44\chromedriver.exe 
2019-06-25 16:11:19 DEBUG WebDriverManager:438 - Driver for chromedriver 2.44 found in cache C:\LogFiles\Bibin P Das\Naveen\BDD frameworks\seleniumframework\webdriver\chromedriver\win32\2.44\chromedriver.exe
2019-06-25 16:11:19 INFO  WebDriverManager:813 - Exporting webdriver.chrome.driver as C:\LogFiles\Bibin P Das\Naveen\BDD frameworks\seleniumframework\webdriver\chromedriver\win32\2.44\chromedriver.exe
2019-06-25 16:11:26 INFO  WebDriverFactory:46 - Configured WebDriver for browser 'headless_chrome'
2019-07-08 13:02:55 INFO  Config:30 - Test will run against environment: null
2019-07-08 13:02:55 INFO  ObjectRepository:26 - Test will use repository: C:\Users\C25750\git\smo_automation_front_end\browser\object_repo\page_objects.properties
2019-07-08 13:02:55 INFO  ChromeDriverFactory:27 - Running in chromium
2019-07-08 13:02:56 INFO  WebDriverManager:568 - Found chromedriver in cache: C:\Users\C25750\git\smo_automation_front_end\webdriver\chromedriver\win32\2.44\chromedriver.exe 
2019-07-08 13:02:56 DEBUG WebDriverManager:438 - Driver for chromedriver 2.44 found in cache C:\Users\C25750\git\smo_automation_front_end\webdriver\chromedriver\win32\2.44\chromedriver.exe
2019-07-08 13:02:56 INFO  WebDriverManager:813 - Exporting webdriver.chrome.driver as C:\Users\C25750\git\smo_automation_front_end\webdriver\chromedriver\win32\2.44\chromedriver.exe
2019-07-08 13:03:04 INFO  WebDriverFactory:46 - Configured WebDriver for browser 'chrome'
2019-07-08 13:16:47 INFO  Config:30 - Test will run against environment: null
2019-07-08 13:16:47 INFO  ObjectRepository:26 - Test will use repository: C:\Users\C25750\git\smo_automation_front_end\browser\object_repo\page_objects.properties
2019-07-08 13:16:47 INFO  ChromeDriverFactory:27 - Running in chromium
2019-07-08 13:16:48 INFO  WebDriverManager:568 - Found chromedriver in cache: C:\Users\C25750\git\smo_automation_front_end\webdriver\chromedriver\win32\2.44\chromedriver.exe 
2019-07-08 13:16:48 DEBUG WebDriverManager:438 - Driver for chromedriver 2.44 found in cache C:\Users\C25750\git\smo_automation_front_end\webdriver\chromedriver\win32\2.44\chromedriver.exe
2019-07-08 13:16:48 INFO  WebDriverManager:813 - Exporting webdriver.chrome.driver as C:\Users\C25750\git\smo_automation_front_end\webdriver\chromedriver\win32\2.44\chromedriver.exe
2019-07-08 13:16:53 INFO  WebDriverFactory:46 - Configured WebDriver for browser 'chrome'
2019-07-08 13:31:41 INFO  Config:30 - Test will run against environment: null
2019-07-08 13:31:41 INFO  ObjectRepository:26 - Test will use repository: C:\Users\C25750\git\smo_automation_front_end\browser\object_repo\page_objects.properties
2019-07-08 13:31:42 INFO  ChromeDriverFactory:27 - Running in chromium
2019-07-08 13:31:43 INFO  WebDriverManager:568 - Found chromedriver in cache: C:\Users\C25750\git\smo_automation_front_end\webdriver\chromedriver\win32\2.44\chromedriver.exe 
2019-07-08 13:31:43 DEBUG WebDriverManager:438 - Driver for chromedriver 2.44 found in cache C:\Users\C25750\git\smo_automation_front_end\webdriver\chromedriver\win32\2.44\chromedriver.exe
2019-07-08 13:31:43 INFO  WebDriverManager:813 - Exporting webdriver.chrome.driver as C:\Users\C25750\git\smo_automation_front_end\webdriver\chromedriver\win32\2.44\chromedriver.exe
2019-07-08 13:31:48 INFO  WebDriverFactory:46 - Configured WebDriver for browser 'chrome'
2019-07-08 13:32:26 INFO  Config:30 - Test will run against environment: null
2019-07-08 13:32:26 INFO  ObjectRepository:26 - Test will use repository: C:\Users\C25750\git\smo_automation_front_end\browser\object_repo\page_objects.properties
2019-07-08 13:32:26 INFO  ChromeDriverFactory:27 - Running in chromium
2019-07-08 13:32:27 INFO  WebDriverManager:568 - Found chromedriver in cache: C:\Users\C25750\git\smo_automation_front_end\webdriver\chromedriver\win32\2.44\chromedriver.exe 
2019-07-08 13:32:27 DEBUG WebDriverManager:438 - Driver for chromedriver 2.44 found in cache C:\Users\C25750\git\smo_automation_front_end\webdriver\chromedriver\win32\2.44\chromedriver.exe
2019-07-08 13:32:27 INFO  WebDriverManager:813 - Exporting webdriver.chrome.driver as C:\Users\C25750\git\smo_automation_front_end\webdriver\chromedriver\win32\2.44\chromedriver.exe
2019-07-08 13:32:32 INFO  WebDriverFactory:46 - Configured WebDriver for browser 'chrome'
2019-07-08 13:38:38 INFO  Config:30 - Test will run against environment: null
2019-07-08 13:38:38 INFO  ObjectRepository:26 - Test will use repository: C:\Users\C25750\git\smo_automation_front_end\browser\object_repo\page_objects.properties
2019-07-08 13:38:38 INFO  ChromeDriverFactory:27 - Running in chromium
2019-07-08 13:38:39 INFO  WebDriverManager:568 - Found chromedriver in cache: C:\Users\C25750\git\smo_automation_front_end\webdriver\chromedriver\win32\2.44\chromedriver.exe 
2019-07-08 13:38:39 DEBUG WebDriverManager:438 - Driver for chromedriver 2.44 found in cache C:\Users\C25750\git\smo_automation_front_end\webdriver\chromedriver\win32\2.44\chromedriver.exe
2019-07-08 13:38:39 INFO  WebDriverManager:813 - Exporting webdriver.chrome.driver as C:\Users\C25750\git\smo_automation_front_end\webdriver\chromedriver\win32\2.44\chromedriver.exe
2019-07-08 13:38:44 INFO  WebDriverFactory:46 - Configured WebDriver for browser 'chrome'
2019-07-08 13:42:00 INFO  Config:30 - Test will run against environment: null
2019-07-08 13:42:00 INFO  ObjectRepository:26 - Test will use repository: C:\Users\C25750\git\smo_automation_front_end\browser\object_repo\page_objects.properties
2019-07-08 13:42:00 INFO  ChromeDriverFactory:27 - Running in chromium
2019-07-08 13:42:01 INFO  WebDriverManager:568 - Found chromedriver in cache: C:\Users\C25750\git\smo_automation_front_end\webdriver\chromedriver\win32\2.44\chromedriver.exe 
2019-07-08 13:42:01 DEBUG WebDriverManager:438 - Driver for chromedriver 2.44 found in cache C:\Users\C25750\git\smo_automation_front_end\webdriver\chromedriver\win32\2.44\chromedriver.exe
2019-07-08 13:42:01 INFO  WebDriverManager:813 - Exporting webdriver.chrome.driver as C:\Users\C25750\git\smo_automation_front_end\webdriver\chromedriver\win32\2.44\chromedriver.exe
2019-07-08 13:42:06 INFO  WebDriverFactory:46 - Configured WebDriver for browser 'chrome'
2019-07-08 13:44:12 INFO  Config:30 - Test will run against environment: null
2019-07-08 13:44:12 INFO  ObjectRepository:26 - Test will use repository: C:\Users\C25750\git\smo_automation_front_end\browser\object_repo\page_objects.properties
2019-07-08 13:44:12 INFO  ChromeDriverFactory:27 - Running in chromium
2019-07-08 13:44:13 INFO  WebDriverManager:568 - Found chromedriver in cache: C:\Users\C25750\git\smo_automation_front_end\webdriver\chromedriver\win32\2.44\chromedriver.exe 
2019-07-08 13:44:13 DEBUG WebDriverManager:438 - Driver for chromedriver 2.44 found in cache C:\Users\C25750\git\smo_automation_front_end\webdriver\chromedriver\win32\2.44\chromedriver.exe
2019-07-08 13:44:13 INFO  WebDriverManager:813 - Exporting webdriver.chrome.driver as C:\Users\C25750\git\smo_automation_front_end\webdriver\chromedriver\win32\2.44\chromedriver.exe
2019-07-08 13:44:18 INFO  WebDriverFactory:46 - Configured WebDriver for browser 'chrome'
2019-07-08 13:47:14 INFO  Config:30 - Test will run against environment: null
2019-07-08 13:47:14 INFO  ObjectRepository:26 - Test will use repository: C:\Users\C25750\git\smo_automation_front_end\browser\object_repo\page_objects.properties
2019-07-08 13:47:14 INFO  ChromeDriverFactory:27 - Running in chromium
2019-07-08 13:47:15 INFO  WebDriverManager:568 - Found chromedriver in cache: C:\Users\C25750\git\smo_automation_front_end\webdriver\chromedriver\win32\2.44\chromedriver.exe 
2019-07-08 13:47:15 DEBUG WebDriverManager:438 - Driver for chromedriver 2.44 found in cache C:\Users\C25750\git\smo_automation_front_end\webdriver\chromedriver\win32\2.44\chromedriver.exe
2019-07-08 13:47:15 INFO  WebDriverManager:813 - Exporting webdriver.chrome.driver as C:\Users\C25750\git\smo_automation_front_end\webdriver\chromedriver\win32\2.44\chromedriver.exe
2019-07-08 13:47:20 INFO  WebDriverFactory:46 - Configured WebDriver for browser 'chrome'
2019-07-08 13:59:58 INFO  Config:30 - Test will run against environment: null
2019-07-08 13:59:58 INFO  ObjectRepository:26 - Test will use repository: C:\Users\C25750\git\smo_automation_front_end\browser\object_repo\page_objects.properties
2019-07-08 13:59:58 INFO  ChromeDriverFactory:27 - Running in chromium
2019-07-08 13:59:59 INFO  WebDriverManager:568 - Found chromedriver in cache: C:\Users\C25750\git\smo_automation_front_end\webdriver\chromedriver\win32\2.44\chromedriver.exe 
2019-07-08 13:59:59 DEBUG WebDriverManager:438 - Driver for chromedriver 2.44 found in cache C:\Users\C25750\git\smo_automation_front_end\webdriver\chromedriver\win32\2.44\chromedriver.exe
2019-07-08 13:59:59 INFO  WebDriverManager:813 - Exporting webdriver.chrome.driver as C:\Users\C25750\git\smo_automation_front_end\webdriver\chromedriver\win32\2.44\chromedriver.exe
2019-07-08 14:00:05 INFO  WebDriverFactory:46 - Configured WebDriver for browser 'chrome'
2019-07-08 14:02:50 INFO  Config:30 - Test will run against environment: null
2019-07-08 14:02:50 INFO  ObjectRepository:26 - Test will use repository: C:\Users\C25750\git\smo_automation_front_end\browser\object_repo\page_objects.properties
2019-07-08 14:02:50 INFO  ChromeDriverFactory:27 - Running in chromium
2019-07-08 14:02:51 INFO  WebDriverManager:568 - Found chromedriver in cache: C:\Users\C25750\git\smo_automation_front_end\webdriver\chromedriver\win32\2.44\chromedriver.exe 
2019-07-08 14:02:51 DEBUG WebDriverManager:438 - Driver for chromedriver 2.44 found in cache C:\Users\C25750\git\smo_automation_front_end\webdriver\chromedriver\win32\2.44\chromedriver.exe
2019-07-08 14:02:51 INFO  WebDriverManager:813 - Exporting webdriver.chrome.driver as C:\Users\C25750\git\smo_automation_front_end\webdriver\chromedriver\win32\2.44\chromedriver.exe
2019-07-08 14:02:56 INFO  WebDriverFactory:46 - Configured WebDriver for browser 'chrome'
2019-07-08 14:10:51 INFO  Config:30 - Test will run against environment: null
2019-07-08 14:10:51 INFO  ObjectRepository:26 - Test will use repository: C:\Users\C25750\git\smo_automation_front_end\browser\object_repo\page_objects.properties
2019-07-08 14:10:51 INFO  ChromeDriverFactory:27 - Running in chromium
2019-07-08 14:10:52 INFO  WebDriverManager:568 - Found chromedriver in cache: C:\Users\C25750\git\smo_automation_front_end\webdriver\chromedriver\win32\2.44\chromedriver.exe 
2019-07-08 14:10:52 DEBUG WebDriverManager:438 - Driver for chromedriver 2.44 found in cache C:\Users\C25750\git\smo_automation_front_end\webdriver\chromedriver\win32\2.44\chromedriver.exe
2019-07-08 14:10:52 INFO  WebDriverManager:813 - Exporting webdriver.chrome.driver as C:\Users\C25750\git\smo_automation_front_end\webdriver\chromedriver\win32\2.44\chromedriver.exe
2019-07-08 14:10:58 INFO  WebDriverFactory:46 - Configured WebDriver for browser 'chrome'
2019-08-16 16:31:08 INFO  Config:30 - Test will run against environment: null
2019-08-16 16:31:08 INFO  ObjectRepository:26 - Test will use repository: C:\LogFiles\Bibin P Das\Naveen\BDD frameworks\smo_automation_front_end\browser\object_repo\page_objects.properties
2019-08-16 16:31:08 INFO  ChromeDriverFactory:27 - Running in chromium
2019-08-16 16:31:09 INFO  WebDriverManager:568 - Found chromedriver in cache: C:\LogFiles\Bibin P Das\Naveen\BDD frameworks\smo_automation_front_end\webdriver\chromedriver\win32\2.44\chromedriver.exe 
2019-08-16 16:31:09 DEBUG WebDriverManager:438 - Driver for chromedriver 2.44 found in cache C:\LogFiles\Bibin P Das\Naveen\BDD frameworks\smo_automation_front_end\webdriver\chromedriver\win32\2.44\chromedriver.exe
2019-08-16 16:31:09 INFO  WebDriverManager:813 - Exporting webdriver.chrome.driver as C:\LogFiles\Bibin P Das\Naveen\BDD frameworks\smo_automation_front_end\webdriver\chromedriver\win32\2.44\chromedriver.exe
2019-08-16 16:31:20 INFO  WebDriverFactory:46 - Configured WebDriver for browser 'chrome'
2019-08-20 14:23:27 INFO  Config:30 - Test will run against environment: null
2019-08-20 14:23:27 INFO  ObjectRepository:26 - Test will use repository: C:\LogFiles\Bibin P Das\Naveen\BDD frameworks\smo_automation_front_end\browser\object_repo\page_objects.properties
2019-08-20 14:23:27 INFO  ChromeDriverFactory:27 - Running in chromium
2019-08-20 14:23:28 INFO  WebDriverManager:568 - Found chromedriver in cache: C:\LogFiles\Bibin P Das\Naveen\BDD frameworks\smo_automation_front_end\webdriver\chromedriver\win32\2.44\chromedriver.exe 
2019-08-20 14:23:28 DEBUG WebDriverManager:438 - Driver for chromedriver 2.44 found in cache C:\LogFiles\Bibin P Das\Naveen\BDD frameworks\smo_automation_front_end\webdriver\chromedriver\win32\2.44\chromedriver.exe
2019-08-20 14:23:28 INFO  WebDriverManager:813 - Exporting webdriver.chrome.driver as C:\LogFiles\Bibin P Das\Naveen\BDD frameworks\smo_automation_front_end\webdriver\chromedriver\win32\2.44\chromedriver.exe
2019-08-20 14:23:36 INFO  WebDriverFactory:46 - Configured WebDriver for browser 'chrome'
2019-08-20 14:32:08 INFO  Config:30 - Test will run against environment: null
2019-08-20 14:32:08 INFO  ObjectRepository:26 - Test will use repository: C:\LogFiles\Bibin P Das\Naveen\BDD frameworks\smo_automation_front_end\browser\object_repo\page_objects.properties
2019-08-20 14:32:08 INFO  ChromeDriverFactory:27 - Running in chromium
2019-08-20 14:32:08 INFO  WebDriverManager:568 - Found chromedriver in cache: C:\LogFiles\Bibin P Das\Naveen\BDD frameworks\smo_automation_front_end\webdriver\chromedriver\win32\2.44\chromedriver.exe 
2019-08-20 14:32:08 DEBUG WebDriverManager:438 - Driver for chromedriver 2.44 found in cache C:\LogFiles\Bibin P Das\Naveen\BDD frameworks\smo_automation_front_end\webdriver\chromedriver\win32\2.44\chromedriver.exe
2019-08-20 14:32:08 INFO  WebDriverManager:813 - Exporting webdriver.chrome.driver as C:\LogFiles\Bibin P Das\Naveen\BDD frameworks\smo_automation_front_end\webdriver\chromedriver\win32\2.44\chromedriver.exe
2019-08-20 14:32:14 INFO  WebDriverFactory:46 - Configured WebDriver for browser 'chrome'
2019-08-20 14:33:26 INFO  Config:30 - Test will run against environment: null
2019-08-20 14:33:26 INFO  ObjectRepository:26 - Test will use repository: C:\LogFiles\Bibin P Das\Naveen\BDD frameworks\smo_automation_front_end\browser\object_repo\page_objects.properties
2019-08-20 14:33:26 INFO  ChromeDriverFactory:27 - Running in chromium
2019-08-20 14:33:27 INFO  WebDriverManager:568 - Found chromedriver in cache: C:\LogFiles\Bibin P Das\Naveen\BDD frameworks\smo_automation_front_end\webdriver\chromedriver\win32\2.44\chromedriver.exe 
2019-08-20 14:33:27 DEBUG WebDriverManager:438 - Driver for chromedriver 2.44 found in cache C:\LogFiles\Bibin P Das\Naveen\BDD frameworks\smo_automation_front_end\webdriver\chromedriver\win32\2.44\chromedriver.exe
2019-08-20 14:33:27 INFO  WebDriverManager:813 - Exporting webdriver.chrome.driver as C:\LogFiles\Bibin P Das\Naveen\BDD frameworks\smo_automation_front_end\webdriver\chromedriver\win32\2.44\chromedriver.exe
2019-08-20 14:33:32 INFO  WebDriverFactory:46 - Configured WebDriver for browser 'chrome'
2019-08-20 14:34:54 INFO  Config:30 - Test will run against environment: null
2019-08-20 14:34:54 INFO  ObjectRepository:26 - Test will use repository: C:\LogFiles\Bibin P Das\Naveen\BDD frameworks\smo_automation_front_end\browser\object_repo\page_objects.properties
2019-08-20 14:34:54 INFO  ChromeDriverFactory:27 - Running in chromium
2019-08-20 14:34:55 INFO  WebDriverManager:568 - Found chromedriver in cache: C:\LogFiles\Bibin P Das\Naveen\BDD frameworks\smo_automation_front_end\webdriver\chromedriver\win32\2.44\chromedriver.exe 
2019-08-20 14:34:55 DEBUG WebDriverManager:438 - Driver for chromedriver 2.44 found in cache C:\LogFiles\Bibin P Das\Naveen\BDD frameworks\smo_automation_front_end\webdriver\chromedriver\win32\2.44\chromedriver.exe
2019-08-20 14:34:55 INFO  WebDriverManager:813 - Exporting webdriver.chrome.driver as C:\LogFiles\Bibin P Das\Naveen\BDD frameworks\smo_automation_front_end\webdriver\chromedriver\win32\2.44\chromedriver.exe
2019-08-20 14:35:00 INFO  WebDriverFactory:46 - Configured WebDriver for browser 'chrome'
2019-08-20 14:36:21 INFO  Config:30 - Test will run against environment: null
2019-08-20 14:36:21 INFO  ObjectRepository:26 - Test will use repository: C:\LogFiles\Bibin P Das\Naveen\BDD frameworks\smo_automation_front_end\browser\object_repo\page_objects.properties
2019-08-20 14:36:21 INFO  ChromeDriverFactory:27 - Running in chromium
2019-08-20 14:36:22 INFO  WebDriverManager:568 - Found chromedriver in cache: C:\LogFiles\Bibin P Das\Naveen\BDD frameworks\smo_automation_front_end\webdriver\chromedriver\win32\2.44\chromedriver.exe 
2019-08-20 14:36:22 DEBUG WebDriverManager:438 - Driver for chromedriver 2.44 found in cache C:\LogFiles\Bibin P Das\Naveen\BDD frameworks\smo_automation_front_end\webdriver\chromedriver\win32\2.44\chromedriver.exe
2019-08-20 14:36:22 INFO  WebDriverManager:813 - Exporting webdriver.chrome.driver as C:\LogFiles\Bibin P Das\Naveen\BDD frameworks\smo_automation_front_end\webdriver\chromedriver\win32\2.44\chromedriver.exe
2019-08-20 14:36:28 INFO  WebDriverFactory:46 - Configured WebDriver for browser 'chrome'
2019-08-20 15:45:05 INFO  Config:30 - Test will run against environment: null
2019-08-20 15:45:05 INFO  ObjectRepository:26 - Test will use repository: C:\LogFiles\Bibin P Das\Naveen\BDD frameworks\smo_automation_front_end\browser\object_repo\page_objects.properties
2019-08-20 15:45:05 INFO  ChromeDriverFactory:27 - Running in chromium
2019-08-20 15:45:06 INFO  WebDriverManager:568 - Found chromedriver in cache: C:\LogFiles\Bibin P Das\Naveen\BDD frameworks\smo_automation_front_end\webdriver\chromedriver\win32\2.44\chromedriver.exe 
2019-08-20 15:45:06 DEBUG WebDriverManager:438 - Driver for chromedriver 2.44 found in cache C:\LogFiles\Bibin P Das\Naveen\BDD frameworks\smo_automation_front_end\webdriver\chromedriver\win32\2.44\chromedriver.exe
2019-08-20 15:45:06 INFO  WebDriverManager:813 - Exporting webdriver.chrome.driver as C:\LogFiles\Bibin P Das\Naveen\BDD frameworks\smo_automation_front_end\webdriver\chromedriver\win32\2.44\chromedriver.exe
2019-08-20 15:45:12 INFO  WebDriverFactory:46 - Configured WebDriver for browser 'chrome'
2019-08-20 16:11:43 INFO  Config:30 - Test will run against environment: null
2019-08-20 16:11:43 INFO  ObjectRepository:26 - Test will use repository: C:\LogFiles\Bibin P Das\Naveen\BDD frameworks\smo_automation_front_end\browser\object_repo\page_objects.properties
2019-08-20 16:11:43 INFO  ChromeDriverFactory:27 - Running in chromium
2019-08-20 16:11:44 INFO  WebDriverManager:568 - Found chromedriver in cache: C:\LogFiles\Bibin P Das\Naveen\BDD frameworks\smo_automation_front_end\webdriver\chromedriver\win32\2.44\chromedriver.exe 
2019-08-20 16:11:44 DEBUG WebDriverManager:438 - Driver for chromedriver 2.44 found in cache C:\LogFiles\Bibin P Das\Naveen\BDD frameworks\smo_automation_front_end\webdriver\chromedriver\win32\2.44\chromedriver.exe
2019-08-20 16:11:44 INFO  WebDriverManager:813 - Exporting webdriver.chrome.driver as C:\LogFiles\Bibin P Das\Naveen\BDD frameworks\smo_automation_front_end\webdriver\chromedriver\win32\2.44\chromedriver.exe
2019-08-20 16:11:49 INFO  WebDriverFactory:46 - Configured WebDriver for browser 'chrome'
2019-08-20 16:13:14 INFO  Config:30 - Test will run against environment: null
2019-08-20 16:13:14 INFO  ObjectRepository:26 - Test will use repository: C:\LogFiles\Bibin P Das\Naveen\BDD frameworks\smo_automation_front_end\browser\object_repo\page_objects.properties
2019-08-20 16:13:14 INFO  ChromeDriverFactory:27 - Running in chromium
2019-08-20 16:13:15 INFO  WebDriverManager:568 - Found chromedriver in cache: C:\LogFiles\Bibin P Das\Naveen\BDD frameworks\smo_automation_front_end\webdriver\chromedriver\win32\2.44\chromedriver.exe 
2019-08-20 16:13:15 DEBUG WebDriverManager:438 - Driver for chromedriver 2.44 found in cache C:\LogFiles\Bibin P Das\Naveen\BDD frameworks\smo_automation_front_end\webdriver\chromedriver\win32\2.44\chromedriver.exe
2019-08-20 16:13:15 INFO  WebDriverManager:813 - Exporting webdriver.chrome.driver as C:\LogFiles\Bibin P Das\Naveen\BDD frameworks\smo_automation_front_end\webdriver\chromedriver\win32\2.44\chromedriver.exe
2019-08-20 16:13:20 INFO  WebDriverFactory:46 - Configured WebDriver for browser 'chrome'
2019-08-20 16:15:50 INFO  Config:30 - Test will run against environment: null
2019-08-20 16:15:50 INFO  ObjectRepository:26 - Test will use repository: C:\LogFiles\Bibin P Das\Naveen\BDD frameworks\smo_automation_front_end\browser\object_repo\page_objects.properties
2019-08-20 16:15:50 INFO  ChromeDriverFactory:27 - Running in chromium
2019-08-20 16:15:51 INFO  WebDriverManager:568 - Found chromedriver in cache: C:\LogFiles\Bibin P Das\Naveen\BDD frameworks\smo_automation_front_end\webdriver\chromedriver\win32\2.44\chromedriver.exe 
2019-08-20 16:15:51 DEBUG WebDriverManager:438 - Driver for chromedriver 2.44 found in cache C:\LogFiles\Bibin P Das\Naveen\BDD frameworks\smo_automation_front_end\webdriver\chromedriver\win32\2.44\chromedriver.exe
2019-08-20 16:15:51 INFO  WebDriverManager:813 - Exporting webdriver.chrome.driver as C:\LogFiles\Bibin P Das\Naveen\BDD frameworks\smo_automation_front_end\webdriver\chromedriver\win32\2.44\chromedriver.exe
2019-08-20 16:15:56 INFO  WebDriverFactory:46 - Configured WebDriver for browser 'chrome'
2019-08-20 16:18:52 INFO  Config:30 - Test will run against environment: null
2019-08-20 16:18:52 INFO  ObjectRepository:26 - Test will use repository: C:\LogFiles\Bibin P Das\Naveen\BDD frameworks\smo_automation_front_end\browser\object_repo\page_objects.properties
2019-08-20 16:18:52 INFO  ChromeDriverFactory:27 - Running in chromium
2019-08-20 16:18:54 INFO  WebDriverManager:568 - Found chromedriver in cache: C:\LogFiles\Bibin P Das\Naveen\BDD frameworks\smo_automation_front_end\webdriver\chromedriver\win32\2.44\chromedriver.exe 
2019-08-20 16:18:54 DEBUG WebDriverManager:438 - Driver for chromedriver 2.44 found in cache C:\LogFiles\Bibin P Das\Naveen\BDD frameworks\smo_automation_front_end\webdriver\chromedriver\win32\2.44\chromedriver.exe
2019-08-20 16:18:54 INFO  WebDriverManager:813 - Exporting webdriver.chrome.driver as C:\LogFiles\Bibin P Das\Naveen\BDD frameworks\smo_automation_front_end\webdriver\chromedriver\win32\2.44\chromedriver.exe
2019-08-20 16:18:59 INFO  WebDriverFactory:46 - Configured WebDriver for browser 'chrome'
2019-08-20 16:26:22 INFO  Config:30 - Test will run against environment: null
2019-08-20 16:26:22 INFO  ObjectRepository:26 - Test will use repository: C:\LogFiles\Bibin P Das\Naveen\BDD frameworks\smo_automation_front_end\browser\object_repo\page_objects.properties
2019-08-20 16:26:22 INFO  ChromeDriverFactory:27 - Running in chromium
2019-08-20 16:26:23 INFO  WebDriverManager:568 - Found chromedriver in cache: C:\LogFiles\Bibin P Das\Naveen\BDD frameworks\smo_automation_front_end\webdriver\chromedriver\win32\2.44\chromedriver.exe 
2019-08-20 16:26:23 DEBUG WebDriverManager:438 - Driver for chromedriver 2.44 found in cache C:\LogFiles\Bibin P Das\Naveen\BDD frameworks\smo_automation_front_end\webdriver\chromedriver\win32\2.44\chromedriver.exe
2019-08-20 16:26:23 INFO  WebDriverManager:813 - Exporting webdriver.chrome.driver as C:\LogFiles\Bibin P Das\Naveen\BDD frameworks\smo_automation_front_end\webdriver\chromedriver\win32\2.44\chromedriver.exe
2019-08-20 16:26:29 INFO  WebDriverFactory:46 - Configured WebDriver for browser 'chrome'
2019-08-20 16:29:54 INFO  Config:30 - Test will run against environment: null
2019-08-20 16:29:54 INFO  ObjectRepository:26 - Test will use repository: C:\LogFiles\Bibin P Das\Naveen\BDD frameworks\smo_automation_front_end\browser\object_repo\page_objects.properties
2019-08-20 16:29:54 INFO  ChromeDriverFactory:27 - Running in chromium
2019-08-20 16:29:56 INFO  WebDriverManager:568 - Found chromedriver in cache: C:\LogFiles\Bibin P Das\Naveen\BDD frameworks\smo_automation_front_end\webdriver\chromedriver\win32\2.44\chromedriver.exe 
2019-08-20 16:29:56 DEBUG WebDriverManager:438 - Driver for chromedriver 2.44 found in cache C:\LogFiles\Bibin P Das\Naveen\BDD frameworks\smo_automation_front_end\webdriver\chromedriver\win32\2.44\chromedriver.exe
2019-08-20 16:29:56 INFO  WebDriverManager:813 - Exporting webdriver.chrome.driver as C:\LogFiles\Bibin P Das\Naveen\BDD frameworks\smo_automation_front_end\webdriver\chromedriver\win32\2.44\chromedriver.exe
2019-08-20 16:30:01 INFO  WebDriverFactory:46 - Configured WebDriver for browser 'chrome'
2019-08-20 16:35:09 INFO  Config:30 - Test will run against environment: null
2019-08-20 16:35:09 INFO  ObjectRepository:26 - Test will use repository: C:\LogFiles\Bibin P Das\Naveen\BDD frameworks\smo_automation_front_end\browser\object_repo\page_objects.properties
2019-08-20 16:35:09 INFO  ChromeDriverFactory:27 - Running in chromium
2019-08-20 16:35:09 INFO  WebDriverManager:568 - Found chromedriver in cache: C:\LogFiles\Bibin P Das\Naveen\BDD frameworks\smo_automation_front_end\webdriver\chromedriver\win32\2.44\chromedriver.exe 
2019-08-20 16:35:09 DEBUG WebDriverManager:438 - Driver for chromedriver 2.44 found in cache C:\LogFiles\Bibin P Das\Naveen\BDD frameworks\smo_automation_front_end\webdriver\chromedriver\win32\2.44\chromedriver.exe
2019-08-20 16:35:09 INFO  WebDriverManager:813 - Exporting webdriver.chrome.driver as C:\LogFiles\Bibin P Das\Naveen\BDD frameworks\smo_automation_front_end\webdriver\chromedriver\win32\2.44\chromedriver.exe
2019-08-20 16:35:14 INFO  WebDriverFactory:46 - Configured WebDriver for browser 'chrome'
2019-08-20 16:36:29 INFO  Config:30 - Test will run against environment: null
2019-08-20 16:36:29 INFO  ObjectRepository:26 - Test will use repository: C:\LogFiles\Bibin P Das\Naveen\BDD frameworks\smo_automation_front_end\browser\object_repo\page_objects.properties
2019-08-20 16:36:29 INFO  ChromeDriverFactory:27 - Running in chromium
2019-08-20 16:36:29 INFO  WebDriverManager:568 - Found chromedriver in cache: C:\LogFiles\Bibin P Das\Naveen\BDD frameworks\smo_automation_front_end\webdriver\chromedriver\win32\2.44\chromedriver.exe 
2019-08-20 16:36:29 DEBUG WebDriverManager:438 - Driver for chromedriver 2.44 found in cache C:\LogFiles\Bibin P Das\Naveen\BDD frameworks\smo_automation_front_end\webdriver\chromedriver\win32\2.44\chromedriver.exe
2019-08-20 16:36:29 INFO  WebDriverManager:813 - Exporting webdriver.chrome.driver as C:\LogFiles\Bibin P Das\Naveen\BDD frameworks\smo_automation_front_end\webdriver\chromedriver\win32\2.44\chromedriver.exe
2019-08-20 16:36:35 INFO  WebDriverFactory:46 - Configured WebDriver for browser 'chrome'
2019-08-20 16:51:14 INFO  Config:30 - Test will run against environment: null
2019-08-20 16:51:14 INFO  ObjectRepository:26 - Test will use repository: C:\LogFiles\Bibin P Das\Naveen\BDD frameworks\smo_automation_front_end\browser\object_repo\page_objects.properties
2019-08-20 16:51:14 INFO  ChromeDriverFactory:27 - Running in chromium
2019-08-20 16:51:16 INFO  WebDriverManager:568 - Found chromedriver in cache: C:\LogFiles\Bibin P Das\Naveen\BDD frameworks\smo_automation_front_end\webdriver\chromedriver\win32\2.44\chromedriver.exe 
2019-08-20 16:51:16 DEBUG WebDriverManager:438 - Driver for chromedriver 2.44 found in cache C:\LogFiles\Bibin P Das\Naveen\BDD frameworks\smo_automation_front_end\webdriver\chromedriver\win32\2.44\chromedriver.exe
2019-08-20 16:51:16 INFO  WebDriverManager:813 - Exporting webdriver.chrome.driver as C:\LogFiles\Bibin P Das\Naveen\BDD frameworks\smo_automation_front_end\webdriver\chromedriver\win32\2.44\chromedriver.exe
2019-08-20 16:51:21 INFO  WebDriverFactory:46 - Configured WebDriver for browser 'chrome'
2019-08-20 16:53:32 INFO  Config:30 - Test will run against environment: null
2019-08-20 16:53:32 INFO  ObjectRepository:26 - Test will use repository: C:\LogFiles\Bibin P Das\Naveen\BDD frameworks\smo_automation_front_end\browser\object_repo\page_objects.properties
2019-08-20 16:53:32 INFO  ChromeDriverFactory:27 - Running in chromium
2019-08-20 16:53:33 INFO  WebDriverManager:568 - Found chromedriver in cache: C:\LogFiles\Bibin P Das\Naveen\BDD frameworks\smo_automation_front_end\webdriver\chromedriver\win32\2.44\chromedriver.exe 
2019-08-20 16:53:33 DEBUG WebDriverManager:438 - Driver for chromedriver 2.44 found in cache C:\LogFiles\Bibin P Das\Naveen\BDD frameworks\smo_automation_front_end\webdriver\chromedriver\win32\2.44\chromedriver.exe
2019-08-20 16:53:33 INFO  WebDriverManager:813 - Exporting webdriver.chrome.driver as C:\LogFiles\Bibin P Das\Naveen\BDD frameworks\smo_automation_front_end\webdriver\chromedriver\win32\2.44\chromedriver.exe
2019-08-20 16:53:37 INFO  WebDriverFactory:46 - Configured WebDriver for browser 'chrome'
2019-08-21 10:41:29 INFO  Config:30 - Test will run against environment: null
2019-08-21 10:41:29 INFO  ObjectRepository:26 - Test will use repository: C:\LogFiles\Bibin P Das\Naveen\BDD frameworks\smo_automation_front_end\browser\object_repo\page_objects.properties
2019-08-21 10:41:29 INFO  ChromeDriverFactory:27 - Running in chromium
2019-08-21 10:41:30 INFO  WebDriverManager:568 - Found chromedriver in cache: C:\LogFiles\Bibin P Das\Naveen\BDD frameworks\smo_automation_front_end\webdriver\chromedriver\win32\2.44\chromedriver.exe 
2019-08-21 10:41:30 DEBUG WebDriverManager:438 - Driver for chromedriver 2.44 found in cache C:\LogFiles\Bibin P Das\Naveen\BDD frameworks\smo_automation_front_end\webdriver\chromedriver\win32\2.44\chromedriver.exe
2019-08-21 10:41:30 INFO  WebDriverManager:813 - Exporting webdriver.chrome.driver as C:\LogFiles\Bibin P Das\Naveen\BDD frameworks\smo_automation_front_end\webdriver\chromedriver\win32\2.44\chromedriver.exe
2019-08-21 10:41:35 INFO  WebDriverFactory:46 - Configured WebDriver for browser 'chrome'
2019-08-21 10:42:23 INFO  Config:30 - Test will run against environment: null
2019-08-21 10:42:23 INFO  ObjectRepository:26 - Test will use repository: C:\LogFiles\Bibin P Das\Naveen\BDD frameworks\smo_automation_front_end\browser\object_repo\page_objects.properties
2019-08-21 10:42:23 INFO  ChromeDriverFactory:27 - Running in chromium
2019-08-21 10:42:24 INFO  WebDriverManager:568 - Found chromedriver in cache: C:\LogFiles\Bibin P Das\Naveen\BDD frameworks\smo_automation_front_end\webdriver\chromedriver\win32\2.44\chromedriver.exe 
2019-08-21 10:42:24 DEBUG WebDriverManager:438 - Driver for chromedriver 2.44 found in cache C:\LogFiles\Bibin P Das\Naveen\BDD frameworks\smo_automation_front_end\webdriver\chromedriver\win32\2.44\chromedriver.exe
2019-08-21 10:42:24 INFO  WebDriverManager:813 - Exporting webdriver.chrome.driver as C:\LogFiles\Bibin P Das\Naveen\BDD frameworks\smo_automation_front_end\webdriver\chromedriver\win32\2.44\chromedriver.exe
2019-08-21 10:42:29 INFO  WebDriverFactory:46 - Configured WebDriver for browser 'chrome'
2019-08-21 11:45:42 INFO  Config:30 - Test will run against environment: null
2019-08-21 11:45:42 INFO  ObjectRepository:26 - Test will use repository: C:\LogFiles\Bibin P Das\Naveen\BDD frameworks\smo_automation_front_end\browser\object_repo\page_objects.properties
2019-08-21 11:45:42 INFO  ChromeDriverFactory:27 - Running in chromium
2019-08-21 11:45:43 INFO  WebDriverManager:568 - Found chromedriver in cache: C:\LogFiles\Bibin P Das\Naveen\BDD frameworks\smo_automation_front_end\webdriver\chromedriver\win32\2.44\chromedriver.exe 
2019-08-21 11:45:43 DEBUG WebDriverManager:438 - Driver for chromedriver 2.44 found in cache C:\LogFiles\Bibin P Das\Naveen\BDD frameworks\smo_automation_front_end\webdriver\chromedriver\win32\2.44\chromedriver.exe
2019-08-21 11:45:43 INFO  WebDriverManager:813 - Exporting webdriver.chrome.driver as C:\LogFiles\Bibin P Das\Naveen\BDD frameworks\smo_automation_front_end\webdriver\chromedriver\win32\2.44\chromedriver.exe
2019-08-21 11:45:48 INFO  WebDriverFactory:46 - Configured WebDriver for browser 'chrome'
2019-08-21 13:47:08 INFO  Config:30 - Test will run against environment: null
2019-08-21 13:47:08 INFO  ObjectRepository:26 - Test will use repository: C:\LogFiles\Bibin P Das\Naveen\BDD frameworks\smo_automation_front_end\browser\object_repo\page_objects.properties
2019-08-21 13:47:08 INFO  ChromeDriverFactory:27 - Running in chromium
2019-08-21 13:47:10 INFO  WebDriverManager:568 - Found chromedriver in cache: C:\LogFiles\Bibin P Das\Naveen\BDD frameworks\smo_automation_front_end\webdriver\chromedriver\win32\2.44\chromedriver.exe 
2019-08-21 13:47:10 DEBUG WebDriverManager:438 - Driver for chromedriver 2.44 found in cache C:\LogFiles\Bibin P Das\Naveen\BDD frameworks\smo_automation_front_end\webdriver\chromedriver\win32\2.44\chromedriver.exe
2019-08-21 13:47:10 INFO  WebDriverManager:813 - Exporting webdriver.chrome.driver as C:\LogFiles\Bibin P Das\Naveen\BDD frameworks\smo_automation_front_end\webdriver\chromedriver\win32\2.44\chromedriver.exe
2019-08-21 13:47:15 INFO  WebDriverFactory:46 - Configured WebDriver for browser 'chrome'
2019-08-21 14:54:34 INFO  Config:30 - Test will run against environment: null
2019-08-21 14:54:34 INFO  ObjectRepository:26 - Test will use repository: C:\LogFiles\Bibin P Das\Naveen\BDD frameworks\smo_automation_front_end\browser\object_repo\page_objects.properties
2019-08-21 14:54:34 INFO  ChromeDriverFactory:27 - Running in chromium
2019-08-21 14:54:35 INFO  WebDriverManager:568 - Found chromedriver in cache: C:\LogFiles\Bibin P Das\Naveen\BDD frameworks\smo_automation_front_end\webdriver\chromedriver\win32\2.44\chromedriver.exe 
2019-08-21 14:54:35 DEBUG WebDriverManager:438 - Driver for chromedriver 2.44 found in cache C:\LogFiles\Bibin P Das\Naveen\BDD frameworks\smo_automation_front_end\webdriver\chromedriver\win32\2.44\chromedriver.exe
2019-08-21 14:54:35 INFO  WebDriverManager:813 - Exporting webdriver.chrome.driver as C:\LogFiles\Bibin P Das\Naveen\BDD frameworks\smo_automation_front_end\webdriver\chromedriver\win32\2.44\chromedriver.exe
2019-08-21 14:54:39 INFO  WebDriverFactory:46 - Configured WebDriver for browser 'chrome'
2019-08-21 14:59:09 INFO  Config:30 - Test will run against environment: null
2019-08-21 14:59:09 INFO  ObjectRepository:26 - Test will use repository: C:\LogFiles\Bibin P Das\Naveen\BDD frameworks\smo_automation_front_end\browser\object_repo\page_objects.properties
2019-08-21 14:59:09 INFO  ChromeDriverFactory:27 - Running in chromium
2019-08-21 14:59:10 INFO  WebDriverManager:568 - Found chromedriver in cache: C:\LogFiles\Bibin P Das\Naveen\BDD frameworks\smo_automation_front_end\webdriver\chromedriver\win32\2.44\chromedriver.exe 
2019-08-21 14:59:10 DEBUG WebDriverManager:438 - Driver for chromedriver 2.44 found in cache C:\LogFiles\Bibin P Das\Naveen\BDD frameworks\smo_automation_front_end\webdriver\chromedriver\win32\2.44\chromedriver.exe
2019-08-21 14:59:10 INFO  WebDriverManager:813 - Exporting webdriver.chrome.driver as C:\LogFiles\Bibin P Das\Naveen\BDD frameworks\smo_automation_front_end\webdriver\chromedriver\win32\2.44\chromedriver.exe
2019-08-21 14:59:16 INFO  WebDriverFactory:46 - Configured WebDriver for browser 'chrome'
2019-08-21 15:10:03 INFO  Config:30 - Test will run against environment: null
2019-08-21 15:10:03 INFO  ObjectRepository:26 - Test will use repository: C:\LogFiles\Bibin P Das\Naveen\BDD frameworks\smo_automation_front_end\browser\object_repo\page_objects.properties
2019-08-21 15:10:03 INFO  ChromeDriverFactory:27 - Running in chromium
2019-08-21 15:10:03 INFO  WebDriverManager:568 - Found chromedriver in cache: C:\LogFiles\Bibin P Das\Naveen\BDD frameworks\smo_automation_front_end\webdriver\chromedriver\win32\2.44\chromedriver.exe 
2019-08-21 15:10:03 DEBUG WebDriverManager:438 - Driver for chromedriver 2.44 found in cache C:\LogFiles\Bibin P Das\Naveen\BDD frameworks\smo_automation_front_end\webdriver\chromedriver\win32\2.44\chromedriver.exe
2019-08-21 15:10:03 INFO  WebDriverManager:813 - Exporting webdriver.chrome.driver as C:\LogFiles\Bibin P Das\Naveen\BDD frameworks\smo_automation_front_end\webdriver\chromedriver\win32\2.44\chromedriver.exe
2019-08-21 15:10:08 INFO  WebDriverFactory:46 - Configured WebDriver for browser 'chrome'
